C51 COMPILER V9.59.0.0   CLASS                                                             01/29/2020 19:41:11 PAGE 1   


C51 COMPILER V9.59.0.0, COMPILATION OF MODULE CLASS
OBJECT MODULE PLACED IN .\Objects\class.obj
COMPILER INVOKED BY: D:\v\C51\BIN\C51.EXE class.c OPTIMIZE(8,SPEED) BROWSE DEBUG OBJECTEXTEND PRINT(.\Listings\class.lst
                    -) TABS(2) OBJECT(.\Objects\class.obj)

line level    source

   1          // add 2 24 bit no.
   2          #include <reg.51.h>
*** WARNING C318 IN LINE 2 OF class.c: can't open file 'reg.51.h'
   3          void main()
   4          {
   5   1        double idata *im1 = 0x20, *im2 = 0x21, *im3 = 0x22, a,b,c;
   6   1        a = *im1;
   7   1        b = *im2;
   8   1        
   9   1        c = a+b;
  10   1        
  11   1        *im3 = c;
  12   1      
  13   1      }


MODULE INFORMATION:   STATIC OVERLAYABLE
   CODE SIZE        =     60    ----
   CONSTANT SIZE    =   ----    ----
   XDATA SIZE       =   ----    ----
   PDATA SIZE       =   ----    ----
   DATA SIZE        =   ----      10
   IDATA SIZE       =   ----    ----
   BIT SIZE         =   ----    ----
END OF MODULE INFORMATION.


C51 COMPILATION COMPLETE.  1 WARNING(S),  0 ERROR(S)
