C51 COMPILER V9.59.0.0   DISPLAY                                                           03/05/2020 21:49:25 PAGE 1   


C51 COMPILER V9.59.0.0, COMPILATION OF MODULE DISPLAY
OBJECT MODULE PLACED IN .\Objects\display.obj
COMPILER INVOKED BY: D:\v\C51\BIN\C51.EXE display.c OPTIMIZE(8,SPEED) BROWSE DEBUG OBJECTEXTEND PRINT(.\Listings\display
                    -.lst) TABS(2) OBJECT(.\Objects\display.obj)

line level    source

   1          //#include <reg51.h> 
   2            unsigned char hexcode_digit[] = {0x3F, 0x06, 0x5B, 0x4F, 0x66, 0x6D,
   3                                            0x7D, 0x07,0x7F, 0x6F,0x5f,0x7c,0x39,0x5e,0x7b,0x71 } ;
   4            sbit disp1_enable = P3^6;                              
*** ERROR C202 IN LINE 4 OF display.c: 'P3': undefined identifier
   5            sbit disp2_enable = P3^7;                                
*** ERROR C202 IN LINE 5 OF display.c: 'P3': undefined identifier
   6            //void delay(unsigned int time_delay_milisecond);                               
   7            void display(char n1, char n2)
   8            { while(1){
   9   2           disp1_enable = 1;
*** ERROR C202 IN LINE 9 OF display.c: 'disp1_enable': undefined identifier
  10   2           disp2_enable = 0;
*** ERROR C202 IN LINE 10 OF display.c: 'disp2_enable': undefined identifier
  11   2           P1 = hexcode_digit[n1];
*** ERROR C202 IN LINE 11 OF display.c: 'P1': undefined identifier
  12   2           delay(10);
  13   2           disp2_enable = 1;
  14   2           disp1_enable = 0;
  15   2           P1 = hexcode_digit[n2];
  16   2           delay(10);
  17   2        }}
  18          

C51 COMPILATION COMPLETE.  0 WARNING(S),  5 ERROR(S)
