C51 COMPILER V9.59.0.0   KEYPAD                                                            03/05/2020 22:31:41 PAGE 1   


C51 COMPILER V9.59.0.0, COMPILATION OF MODULE KEYPAD
OBJECT MODULE PLACED IN .\Objects\keypad.obj
COMPILER INVOKED BY: D:\v\C51\BIN\C51.EXE keypad.c OPTIMIZE(8,SPEED) BROWSE DEBUG OBJECTEXTEND PRINT(.\Listings\keypad.l
                    -st) TABS(2) OBJECT(.\Objects\keypad.obj)

line level    source

   1          // Seven segment Hexkeypad task 
   2          // Task to find the difference of two numbers
   3          #include <reg51.h>
   4          #include <readkey.h>
   5          #include <display.h>
   6          //#include <keypad.h>
   7          //#include <sevensegment.h>
   8          declare_output_port=0x00;
   9          declare_input_port=0xff;
  10          sbit buzzer_control = P3^5;
  11          //char a;
  12          int timer_count;
  13          char readkey();
  14          void display(char n1, char n2);
  15          void delay(unsigned int time_delay_milisecond)
  16          {
  17   1      TMOD=0x10; //set the timer#1 in mode#1
  18   1      for (timer_count =0; timer_count<time_delay_milisecond; timer_count ++)
  19   1      {
  20   2      TL1=0x61;
  21   2      TH1=0xFC;
  22   2      TR1=1;
  23   2      while(TF1==0); //monitoring the timer flag for timer
  24   2      TR1=0;
  25   2      TF1=0;
  26   2      }
  27   1      }
  28          void main()
  29          {
  30   1        while(1){
  31   2        char result = 0, b[3],m=0,l=0,i=0;
  32   2      P1=declare_output_port;
  33   2      P2=declare_input_port;
  34   2      buzzer_control = 1;
  35   2      
  36   2      for(i=0;i<2;i++)  
  37   2        {
  38   3         b[i] = readkey();
  39   3         delay(200);
  40   3        }
  41   2         
  42   2        result = b[0] - b[1];
  43   2        m = result/10;
  44   2        l = result%10;
  45   2        display(m,l); 
  46   2      }}


MODULE INFORMATION:   STATIC OVERLAYABLE
   CODE SIZE        =    359    ----
   CONSTANT SIZE    =   ----    ----
   XDATA SIZE       =   ----    ----
   PDATA SIZE       =   ----    ----
   DATA SIZE        =     23       9
C51 COMPILER V9.59.0.0   KEYPAD                                                            03/05/2020 22:31:41 PAGE 2   

   IDATA SIZE       =   ----    ----
   BIT SIZE         =   ----    ----
END OF MODULE INFORMATION.


C51 COMPILATION COMPLETE.  0 WARNING(S),  0 ERROR(S)
