C51 COMPILER V9.59.0.0   READKEY                                                           03/05/2020 21:49:25 PAGE 1   


C51 COMPILER V9.59.0.0, COMPILATION OF MODULE READKEY
OBJECT MODULE PLACED IN .\Objects\readkey.obj
COMPILER INVOKED BY: D:\v\C51\BIN\C51.EXE readkey.c OPTIMIZE(8,SPEED) BROWSE DEBUG OBJECTEXTEND PRINT(.\Listings\readkey
                    -.lst) TABS(2) OBJECT(.\Objects\readkey.obj)

line level    source

   1          //#include <reg51.h>
   2          char a;
   3          sbit ROW_0 = P2^7;
*** ERROR C202 IN LINE 3 OF readkey.c: 'P2': undefined identifier
   4          sbit ROW_1 = P2^6;
*** ERROR C202 IN LINE 4 OF readkey.c: 'P2': undefined identifier
   5          sbit ROW_2 = P2^5;
*** ERROR C202 IN LINE 5 OF readkey.c: 'P2': undefined identifier
   6          sbit ROW_3 = P2^4;
*** ERROR C202 IN LINE 6 OF readkey.c: 'P2': undefined identifier
   7          sbit COL_0 = P2^3;
*** ERROR C202 IN LINE 7 OF readkey.c: 'P2': undefined identifier
   8          sbit COL_1 = P2^2;
*** ERROR C202 IN LINE 8 OF readkey.c: 'P2': undefined identifier
   9          sbit COL_2 = P2^1;
*** ERROR C202 IN LINE 9 OF readkey.c: 'P2': undefined identifier
  10          sbit COL_3 = P2^0;
*** ERROR C202 IN LINE 10 OF readkey.c: 'P2': undefined identifier
  11          
  12          char readkey()
  13          {
  14   1        while(1){
  15   2        COL_0 = 1;
*** ERROR C202 IN LINE 15 OF readkey.c: 'COL_0': undefined identifier
  16   2        COL_1 = 1;
*** ERROR C202 IN LINE 16 OF readkey.c: 'COL_1': undefined identifier
  17   2        COL_2 = 1;
*** ERROR C202 IN LINE 17 OF readkey.c: 'COL_2': undefined identifier
  18   2        COL_3 = 1;
*** ERROR C202 IN LINE 18 OF readkey.c: 'COL_3': undefined identifier
  19   2        ROW_0 = 0;
*** ERROR C202 IN LINE 19 OF readkey.c: 'ROW_0': undefined identifier
  20   2        ROW_1 = 1;
*** ERROR C202 IN LINE 20 OF readkey.c: 'ROW_1': undefined identifier
  21   2        ROW_2 = 1;
*** ERROR C202 IN LINE 21 OF readkey.c: 'ROW_2': undefined identifier
  22   2        ROW_3 = 1;
*** ERROR C202 IN LINE 22 OF readkey.c: 'ROW_3': undefined identifier
  23   2        
  24   2        if (COL_0 == 0)
*** ERROR C202 IN LINE 24 OF readkey.c: 'COL_0': undefined identifier
  25   2        {
  26   3            a = 0;
  27   3            return a;
  28   3        }
  29   2        if (COL_1 == 0)
*** ERROR C202 IN LINE 29 OF readkey.c: 'COL_1': undefined identifier
  30   2        {
  31   3            a = 1;
  32   3            return a;
  33   3        }
  34   2        if (COL_2 == 0)
*** ERROR C202 IN LINE 34 OF readkey.c: 'COL_2': undefined identifier
  35   2        {
C51 COMPILER V9.59.0.0   READKEY                                                           03/05/2020 21:49:25 PAGE 2   

  36   3            a = 2;
  37   3            return a;
  38   3        }
  39   2        if (COL_3 == 0)
*** ERROR C202 IN LINE 39 OF readkey.c: 'COL_3': undefined identifier
  40   2        {
  41   3            a = 3;
  42   3            return a;
  43   3        }
  44   2        ROW_0 = 1;
*** ERROR C202 IN LINE 44 OF readkey.c: 'ROW_0': undefined identifier
  45   2        ROW_1 = 0;
*** ERROR C202 IN LINE 45 OF readkey.c: 'ROW_1': undefined identifier
  46   2        ROW_2 = 1;
*** ERROR C202 IN LINE 46 OF readkey.c: 'ROW_2': undefined identifier
  47   2        ROW_3 = 1;
*** ERROR C202 IN LINE 47 OF readkey.c: 'ROW_3': undefined identifier
  48   2        
  49   2        if (COL_0 == 0)
*** ERROR C202 IN LINE 49 OF readkey.c: 'COL_0': undefined identifier
  50   2        {
  51   3            a = 4;
  52   3            return a;
  53   3        }
  54   2        if (COL_1 == 0)
*** ERROR C202 IN LINE 54 OF readkey.c: 'COL_1': undefined identifier
  55   2        {
  56   3            a = 5;
  57   3            return a;
  58   3        }
  59   2        if (COL_2 == 0)
*** ERROR C202 IN LINE 59 OF readkey.c: 'COL_2': undefined identifier
  60   2        {
  61   3            a = 6;
  62   3            return a;
  63   3        }
  64   2        if (COL_3 == 0)
*** ERROR C202 IN LINE 64 OF readkey.c: 'COL_3': undefined identifier
  65   2        {
  66   3            a = 7;
  67   3            return a;
  68   3        }
  69   2        ROW_0 = 1;
*** ERROR C202 IN LINE 69 OF readkey.c: 'ROW_0': undefined identifier
  70   2        ROW_1 = 1;
*** ERROR C202 IN LINE 70 OF readkey.c: 'ROW_1': undefined identifier
  71   2        ROW_2 = 0;
*** ERROR C202 IN LINE 71 OF readkey.c: 'ROW_2': undefined identifier
  72   2        ROW_3 = 1;
*** ERROR C202 IN LINE 72 OF readkey.c: 'ROW_3': undefined identifier
  73   2        
  74   2        if (COL_0 == 0)
*** ERROR C202 IN LINE 74 OF readkey.c: 'COL_0': undefined identifier
  75   2        {
  76   3            a = 8;
  77   3            return a;
  78   3        }
  79   2        if (COL_1 == 0)
*** ERROR C202 IN LINE 79 OF readkey.c: 'COL_1': undefined identifier
  80   2        {
  81   3            a = 9;
  82   3            return a;
C51 COMPILER V9.59.0.0   READKEY                                                           03/05/2020 21:49:25 PAGE 3   

  83   3        }
  84   2        if (COL_2 == 0)
*** ERROR C202 IN LINE 84 OF readkey.c: 'COL_2': undefined identifier
  85   2        {
  86   3            a = 0x0a;
  87   3            return a;
  88   3        }
  89   2        if (COL_3 == 0)
*** ERROR C202 IN LINE 89 OF readkey.c: 'COL_3': undefined identifier
  90   2        {
  91   3            a = 0x0b;
  92   3            return a;
  93   3        }
  94   2        ROW_0 = 1;
*** ERROR C202 IN LINE 94 OF readkey.c: 'ROW_0': undefined identifier
  95   2        ROW_1 = 1;
*** ERROR C202 IN LINE 95 OF readkey.c: 'ROW_1': undefined identifier
  96   2        ROW_2 = 1;
*** ERROR C202 IN LINE 96 OF readkey.c: 'ROW_2': undefined identifier
  97   2        ROW_3 = 0;
*** ERROR C202 IN LINE 97 OF readkey.c: 'ROW_3': undefined identifier
  98   2        
  99   2        if (COL_0 == 0)
*** ERROR C202 IN LINE 99 OF readkey.c: 'COL_0': undefined identifier
 100   2        {
 101   3            a = 0x0c;
 102   3            return a;
 103   3        }
 104   2        if (COL_1 == 0)
*** ERROR C202 IN LINE 104 OF readkey.c: 'COL_1': undefined identifier
 105   2        {
 106   3            a = 0x0d;
 107   3            return a;
 108   3        }
 109   2        if (COL_2 == 0)
*** ERROR C202 IN LINE 109 OF readkey.c: 'COL_2': undefined identifier
 110   2        {
 111   3            a = 0x0e;
 112   3            return a;
 113   3        }
 114   2        if (COL_3 == 0)
*** ERROR C202 IN LINE 114 OF readkey.c: 'COL_3': undefined identifier
 115   2        {
 116   3            a = 0x0f;
 117   3            return a;
 118   3        } 
 119   2        
 120   2      }}

C51 COMPILATION COMPLETE.  0 WARNING(S),  44 ERROR(S)
