A51 MACRO ASSEMBLER  VV                                                                   01/21/2020 14:00:09 PAGE     1


MACRO ASSEMBLER A51 V8.2.7.0
OBJECT MODULE PLACED IN .\Objects\vv.obj
ASSEMBLER INVOKED BY: D:\v\C51\BIN\A51.EXE vv.asm SET(SMALL) DEBUG PRINT(.\Listings\vv.lst) OBJECT(.\Objects\vv.obj) EP

LOC  OBJ            LINE     SOURCE

0000                   1     ORG 0H
                       2     
0000                   3     MAIN:
0000 75B000            4         MOV P3,#00H   ;LCD data pin
0003 75A00F            5             MOV P2,#00FH  ;column as input, p2.4 p2.5 p2.6 lcd pins output
0006 759000            6         MOV P1,#00H   ;Lower nibble -Row as output, higher nibble motor
0009 D294              7             SETB P1.4
000B C295              8             CLR  P1.5
                       9             
                      10             
000D D2D4             11             SETB PSW.4 
000F C2D3             12             CLR  PSW.3  ;SELECT BANK 2
0011 7E01             13             MOV R6,#01
0013 7F80             14             MOV R7,#128
0015 C2D4             15             CLR PSW.4
0017 C2D3             16         CLR PSW.3   ;SELECT BANK 0
                      17     
0019 758000           18             MOV P0,#00H 
001C 75800F           19             MOV P0,#0FH 
                      20     
                      21     
                      22     
001F 900310           23     MOV DPTR,#MYCOM
0022                  24     initLCD:
0022 E4               25               CLR A
0023 93               26           MOVC A,@A+DPTR
0024 1155             27           ACALL COMNWRT
0026 1173             28           ACALL DELAY
0028 6003             29           JZ SEND_DAT
002A A3               30           INC DPTR
002B 80F5             31           SJMP initLCD 
                      32     
002D 900314           33     SEND_DAT:  MOV DPTR,#MYDATA
0030 7401             34                        MOV A,#01H
0032 1155             35                ACALL COMNWRT
0034 1173             36                    ACALL DELAY
0036 E4               37     D1:   CLR A
0037 93               38           MOVC A,@A+DPTR
0038 1164             39           ACALL DATAWRT
003A 1173             40           ACALL DELAY
003C A3               41           INC DPTR
003D 6002             42           JZ SEND_DAT1
003F 80F5             43           SJMP D1
                      44     
0041 900323           45     SEND_DAT1:  MOV DPTR,#MYDATA1
0044 74C0             46               MOV A,#0C0H
0046 1155             47               ACALL COMNWRT
0048 1173             48               ACALL DELAY
                      49     
004A E4               50     D2:   CLR A
004B 93               51           MOVC A,@A+DPTR
004C 1164             52           ACALL DATAWRT
004E 1173             53           ACALL DELAY
0050 A3               54           INC DPTR
0051 6035             55           JZ ENTER
0053 80F5             56           SJMP D2
                      57     
0055                  58     COMNWRT:
A51 MACRO ASSEMBLER  VV                                                                   01/21/2020 14:00:09 PAGE     2

0055 1178             59            ACALL READY
0057 F5B0             60            MOV P3,A
0059 C2A4             61            CLR P2.4
005B C2A5             62            CLR P2.5
005D D2A6             63            SETB P2.6
005F 1173             64            ACALL DELAY
0061 C2A6             65            CLR P2.6
0063 22               66            RET
                      67           
0064                  68     DATAWRT:
0064 1178             69            ACALL READY
0066 F5B0             70                MOV P3,A
0068 D2A4             71            SETB P2.4
006A C2A5             72            CLR P2.5
006C D2A6             73            SETB P2.6
006E 1173             74            ACALL DELAY
0070 C2A6             75            CLR P2.6
0072 22               76            RET
                      77     
0073                  78     DELAY:
                      79           
0073 7CFF             80     HERE2: MOV R4,#255
0075 DCFE             81     HERE:  DJNZ R4,HERE
                      82            
0077 22               83            RET
                      84     
0078 D2B7             85     READY:   SETB P3.7
007A C2A4             86              CLR  P2.4
007C D2A5             87              SETB P2.5
                      88     ;read command reg and check busy flag
007E C2A6             89     BACK:    CLR P2.6
0080 1173             90              ACALL DELAY
0082 D2A6             91              SETB P2.6
0084 20B7F7           92              JB   P3.7,BACK
0087 22               93              RET 
                      94      
                      95     
0088 D2D4             96     ENTER:SETB PSW.4 
008A C2D3             97               CLR  PSW.3  ;SELECT BANK 2
008C 7590F7           98           MOV P1,#11110111B
008F D294             99           SETB P1.4          ;SETB P1.4
0091 C295            100               CLR  P1.5      ;CLR  P1.5 
                     101                                           
0093 30A319          102     AGAIN:JNB P2.3,K0
                     103               
                     104               ; MOTOR
0096 D296            105               SETB P1.6                 ;MOV P1,#00000001B // motor runs clockwise
0098 EF              106           MOV A,R7
0099 FD              107               MOV R5,A
009A 8D80            108                   MOV P0,R5
009C 11A9            109               ACALL DELAYON              
                     110               
009E 30A30E          111               JNB P2.3,K0
00A1 C296            112           CLR P1.6                   ; MOV P1,#00000010B       // motor runs anti clockwis
                     113           
00A3 AD0A            114               MOV R5,10
00A5 11AC            115               ACALL DELAYOFF             
00A7 80EA            116           SJMP AGAIN
                     117           
00A9                 118     DELAYON:
                     119           
                     120     
                     121     
00A9 DDFE            122     WAIT3: DJNZ R5,WAIT3     ;R2
                     123            
                     124            
A51 MACRO ASSEMBLER  VV                                                                   01/21/2020 14:00:09 PAGE     3

00AB 22              125            RET
                     126     
00AC                 127     DELAYOFF:
                     128            
                     129     
                     130     
00AC DDFE            131     WAIT6: DJNZ R5,WAIT6
                     132            
                     133            
00AE 22              134            RET
                     135     
                     136            
                     137     
                     138      
00AF                 139     K0:
00AF C2D4            140        CLR PSW.4
00B1 C2D3            141        CLR PSW.3   ;SELECT BANK 0 
                     142     
00B3 7903            143        MOV R1,#03H    ;INIT COUNTER
00B5 7F00            144        MOV R7,#0H     ;MAKE PWM ZERO
                     145        
00B7 C296            146        CLR P1.6 ;making EN 0 
                     147        
00B9 7401            148        MOV A,#01H      ; cmnd -to clr display
00BB 1155            149        ACALL COMNWRT
00BD 1173            150        ACALL DELAY
00BF 900331          151        MOV DPTR,#MYDATA2
                     152     
00C2 E4              153     D3:   CLR A
00C3 93              154           MOVC A,@A+DPTR
00C4 1164            155           ACALL DATAWRT
00C6 1173            156           ACALL DELAY
00C8 A3              157           INC DPTR
00C9 6002            158           JZ K1
00CB 80F5            159           SJMP D3
                     160     
                     161     
00CD 759000          162     K1: MOV P1,#0
00D0 E5A0            163         MOV A,P2
00D2 540F            164             ANL  A,#00001111B                                
00D4 B40FF6          165             CJNE A,#00001111B,K1
                     166     
00D7 316F            167     K2: ACALL DELAY1
00D9 E5A0            168         MOV A,P2
00DB 540F            169             ANL  A,#00001111B
00DD B40F02          170             CJNE A,#00001111B,OVER
00E0 80F5            171             SJMP K2
                     172     
00E2 316F            173     OVER:ACALL DELAY1
00E4 E5A0            174          MOV A,P2
00E6 540F            175              ANL  A,#00001111B
00E8 B40F02          176              CJNE A,#00001111B,OVER1
00EB 80EA            177          SJMP K2
                     178     
00ED 7590FE          179     OVER1:MOV P1,#11111110B
00F0 C296            180           CLR P1.6 ;making EN 0 
00F2 E5A0            181           MOV A,P2
00F4 540F            182               ANL A,#00001111B
00F6 B40F27          183               CJNE A,#00001111B,ROW_0
                     184     
00F9 7590FD          185               MOV P1,#11111101B
00FC C296            186               CLR P1.6 ;making EN 0 
00FE E5A0            187           MOV A,P2
0100 540F            188               ANL A,#00001111B
0102 B40F20          189               CJNE A,#00001111B,ROW_1
                     190     
A51 MACRO ASSEMBLER  VV                                                                   01/21/2020 14:00:09 PAGE     4

0105 7590FB          191               MOV P1,#11111011B
0108 C296            192               CLR P1.6 ;making EN 0 
010A E5A0            193           MOV A,P2
010C 540F            194               ANL A,#00001111B
010E B40F19          195               CJNE A,#00001111B,ROW_2
                     196     
0111 7590F7          197               MOV P1,#11110111B
0114 C296            198               CLR P1.6 ;making EN 0 
0116 E5A0            199           MOV A,P2
0118 540F            200               ANL A,#00001111B
011A B40F12          201               CJNE A,#00001111B,ROW_3
011D 0200D7          202               LJMP K2
                     203     
                     204     
0120 900300          205     ROW_0:MOV DPTR,#KCODE0
0123 800F            206           SJMP FIND 
0125 900304          207     ROW_1:MOV DPTR,#KCODE1
0128 800A            208           SJMP FIND          
012A 900308          209     ROW_2:MOV DPTR,#KCODE2
012D 8005            210           SJMP FIND 
012F 90030C          211     ROW_3:MOV DPTR,#KCODE3
0132 8000            212           SJMP FIND
                     213               
0134 13              214     FIND: RRC A
0135 5003            215           JNC MATCH
0137 A3              216               INC DPTR
0138 80FA            217               SJMP FIND
013A E4              218     MATCH:CLR A
013B 93              219           MOVC A,@A+DPTR
013C F5B0            220               MOV P3,A                   
013E 1164            221               ACALL DATAWRT
                     222               
0140 540F            223               ANL A,#0FH             
0142 D919            224               DJNZ R1,CON
0144 2F              225               ADD A,R7
                     226           
0145 D2D4            227                       SETB PSW.4
0147 C2D3            228                       CLR PSW.3    ;SELECT BANK 2
0149 FF              229                   MOV R7,A
                     230                           
014A C2D4            231                       CLR PSW.4
014C C2D3            232                   CLR PSW.3   ;SELECT BANK 0
                     233                                     
014E 740A            234               MOV  A,#0AH
0150 9F              235               SUBB A,R7
                     236     
0151 D2D4            237                       SETB PSW.4
0153 C2D3            238                       CLR PSW.3    ;SELECT BANK 2
0155 FE              239                       MOV  R6,A
0156 C2D4            240                   CLR PSW.4
0158 C2D3            241                   CLR PSW.3   ;SELECT BANK 0
                     242                 
015A 02002D          243               LJMP  SEND_DAT
                     244     
015D 3162            245       CON:ACALL CONVERT
                     246           
015F 0200CD          247               LJMP K1
                     248     
                     249       
0162 FB              250     CONVERT:MOV R3,A          ; SAVE NUMBER IN R3
0163 E9              251             MOV A,R1          ;
0164 FA              252             MOV     R2,A      ;Put counter in R2
0165 EB              253                     MOV A,R3          ;PUT THE NUMBER BACK TO A
                     254                     
                     255     
0166 75F00A          256        MUX: MOV B,#10
A51 MACRO ASSEMBLER  VV                                                                   01/21/2020 14:00:09 PAGE     5

0169 A4              257             MUL AB            ; MULTIPLY 10
016A DAFA            258             DJNZ R2,MUX        ;depending on position
                     259             
016C 2F              260                     ADD A,R7
016D FF              261                     MOV R7,A
                     262             
016E 22              263             RET
                     264             
                     265     
                     266               
                     267     
                     268     
016F                 269     DELAY1: 
016F 7B20            270     WAIT7: MOV R3,#20H
0171 7A20            271     WAIT8: MOV R2,#20H
0173 DAFE            272     WAIT9: DJNZ R2,WAIT9
0175 DBFA            273            DJNZ R3,WAIT8 
0177 22              274            RET
                     275     
                     276      ;ACII LOOK-UP TABLE FOR EACH ROW
                     277       
0300                 278       ORG 300H
0300 31323330        279       KCODE0: DB '1', '2','3','0'
0304 34353630        280       KCODE1: DB '4', '5','6','0'
0308 37383930        281       KCODE2: DB '7', '8','9','0'
030C 30303045        282       KCODE3: DB '0', '0','0','E'
                     283     
0310 380E0100        284       MYCOM:   DB 38H,0EH,01,0
0314 70726573        285       MYDATA:  DB "press E-enter ",0
0318 7320452D                
031C 656E7465                
0320 722000                  
0323 746F2063        286       MYDATA1: DB "to change PWM",0 
0327 68616E67                
032B 65205057                
032F 4D00                    
0331 456E7465        287       MYDATA2: DB "Enter PWM-",0
0335 72205057                
0339 4D2D00                  
                     288       END
A51 MACRO ASSEMBLER  VV                                                                   01/21/2020 14:00:09 PAGE     6

SYMBOL TABLE LISTING
------ ----- -------


N A M E             T Y P E  V A L U E   ATTRIBUTES

AGAIN. . . . . . .  C ADDR   0093H   A   
B. . . . . . . . .  D ADDR   00F0H   A   
BACK . . . . . . .  C ADDR   007EH   A   
COMNWRT. . . . . .  C ADDR   0055H   A   
CON. . . . . . . .  C ADDR   015DH   A   
CONVERT. . . . . .  C ADDR   0162H   A   
D1 . . . . . . . .  C ADDR   0036H   A   
D2 . . . . . . . .  C ADDR   004AH   A   
D3 . . . . . . . .  C ADDR   00C2H   A   
DATAWRT. . . . . .  C ADDR   0064H   A   
DELAY. . . . . . .  C ADDR   0073H   A   
DELAY1 . . . . . .  C ADDR   016FH   A   
DELAYOFF . . . . .  C ADDR   00ACH   A   
DELAYON. . . . . .  C ADDR   00A9H   A   
ENTER. . . . . . .  C ADDR   0088H   A   
FIND . . . . . . .  C ADDR   0134H   A   
HERE . . . . . . .  C ADDR   0075H   A   
HERE2. . . . . . .  C ADDR   0073H   A   
INITLCD. . . . . .  C ADDR   0022H   A   
K0 . . . . . . . .  C ADDR   00AFH   A   
K1 . . . . . . . .  C ADDR   00CDH   A   
K2 . . . . . . . .  C ADDR   00D7H   A   
KCODE0 . . . . . .  C ADDR   0300H   A   
KCODE1 . . . . . .  C ADDR   0304H   A   
KCODE2 . . . . . .  C ADDR   0308H   A   
KCODE3 . . . . . .  C ADDR   030CH   A   
MAIN . . . . . . .  C ADDR   0000H   A   
MATCH. . . . . . .  C ADDR   013AH   A   
MUX. . . . . . . .  C ADDR   0166H   A   
MYCOM. . . . . . .  C ADDR   0310H   A   
MYDATA . . . . . .  C ADDR   0314H   A   
MYDATA1. . . . . .  C ADDR   0323H   A   
MYDATA2. . . . . .  C ADDR   0331H   A   
OVER . . . . . . .  C ADDR   00E2H   A   
OVER1. . . . . . .  C ADDR   00EDH   A   
P0 . . . . . . . .  D ADDR   0080H   A   
P1 . . . . . . . .  D ADDR   0090H   A   
P2 . . . . . . . .  D ADDR   00A0H   A   
P3 . . . . . . . .  D ADDR   00B0H   A   
PSW. . . . . . . .  D ADDR   00D0H   A   
READY. . . . . . .  C ADDR   0078H   A   
ROW_0. . . . . . .  C ADDR   0120H   A   
ROW_1. . . . . . .  C ADDR   0125H   A   
ROW_2. . . . . . .  C ADDR   012AH   A   
ROW_3. . . . . . .  C ADDR   012FH   A   
SEND_DAT . . . . .  C ADDR   002DH   A   
SEND_DAT1. . . . .  C ADDR   0041H   A   
WAIT3. . . . . . .  C ADDR   00A9H   A   
WAIT6. . . . . . .  C ADDR   00ACH   A   
WAIT7. . . . . . .  C ADDR   016FH   A   
WAIT8. . . . . . .  C ADDR   0171H   A   
WAIT9. . . . . . .  C ADDR   0173H   A   


REGISTER BANK(S) USED: 0 


ASSEMBLY COMPLETE.  0 WARNING(S), 0 ERROR(S)
